<?xml version="1.0" encoding="UTF-8"?>
<testsuites name="Senior_ReCreate_Category_Type" time="82.393" tests="5" failures="0" errors="0">
   <testsuite name="Senior_ReCreate_Category_Type" tests="5" failures="0" errors="0" time="82.393" skipped="0" timestamp="2023-10-31 18:01:09" hostname="PalakGupta - LININDAUG23-266.bbrouter" id="Test Suites/Senior_ReCreate_Category_Type">
      <properties>
         <property name="deviceName" value=""/>
         <property name="devicePlatform" value=""/>
         <property name="logFolder" value="C:\\Users\\PalakGupta\\git\\CaringConnection\\Reports\\20231031_180106\\Senior_ReCreate_Category_Type\\20231031_180107"/>
         <property name="logFiles" value="C:\\Users\\PalakGupta\\git\\CaringConnection\\Reports\\20231031_180106\\Senior_ReCreate_Category_Type\\20231031_180107\\execution0.log"/>
         <property name="attachments" value=""/>
         <property name="hostName" value="PalakGupta - LININDAUG23-266.bbrouter"/>
         <property name="os" value="Windows 11 64bit"/>
         <property name="katalonVersion" value="8.6.8.208"/>
         <property name="browser" value="Chrome 118.0.0.0"/>
         <property name="hostAddress" value="192.168.1.7"/>
         <property name="sessionId" value="6d682e4696871ea7f6d536aaad8c0849"/>
         <property name="seleniumVersion" value="3.141.59"/>
         <property name="proxyInformation" value="ProxyInformation { proxyOption=NO_PROXY, proxyServerType=HTTP, username=, password=********, proxyServerAddress=, proxyServerPort=0, executionList=&quot;&quot;, isApplyToDesiredCapabilities=true }"/>
         <property name="platform" value="Windows 11"/>
      </properties>
      <testcase name="Test Cases/Senior_ReCreate_Category_Type" time="16.07" classname="Test Cases/Senior_ReCreate_Category_Type" status="PASSED">
         <system-out><![CDATA[2023-10-31 18:01:10 - [TEST_CASE][PASSED] - Test Cases/Senior_ReCreate_Category_Type: Test Cases/Senior_ReCreate_Category_Type

2023-10-31 18:01:10 - [TEST_STEP][PASSED] - openBrowser("https://caring-connections-qa.azurewebsites.net/"): Browser is opened with url: 'https://caring-connections-qa.azurewebsites.net/'

2023-10-31 18:01:10 - [MESSAGE][INFO] - Starting 'Chrome' driver

2023-10-31 18:01:10 - [MESSAGE][INFO] - Action delay is set to 0 milliseconds

2023-10-31 18:01:14 - [MESSAGE][PASSED] - Browser is opened with url: 'https://caring-connections-qa.azurewebsites.net/'

2023-10-31 18:01:14 - [TEST_STEP][PASSED] - maximizeWindow(): Current window maximized

2023-10-31 18:01:14 - [MESSAGE][PASSED] - Current window maximized

2023-10-31 18:01:14 - [TEST_STEP][PASSED] - setText(findTestObject("Login_Page/Login_Page_Objects/Input_Username"), UserName): Text 'Palak' is set on object 'Object Repository/Login_Page/Login_Page_Objects/Input_Username'

2023-10-31 18:01:15 - [MESSAGE][PASSED] - Text 'Palak' is set on object 'Object Repository/Login_Page/Login_Page_Objects/Input_Username'

2023-10-31 18:01:15 - [TEST_STEP][PASSED] - selectOptionByValue(findTestObject("Login_Page/Login_Page_Objects/Select_Role"), Role, false): All options with value 'Senior' are selected in object 'Object Repository/Login_Page/Login_Page_Objects/Select_Role' 

2023-10-31 18:01:16 - [MESSAGE][PASSED] - All options with value 'Senior' are selected in object 'Object Repository/Login_Page/Login_Page_Objects/Select_Role' 

2023-10-31 18:01:16 - [TEST_STEP][PASSED] - setText(findTestObject("Login_Page/Login_Page_Objects/Input_Email"), Email): Text 'palak66@gmail.com' is set on object 'Object Repository/Login_Page/Login_Page_Objects/Input_Email'

2023-10-31 18:01:16 - [MESSAGE][PASSED] - Text 'palak66@gmail.com' is set on object 'Object Repository/Login_Page/Login_Page_Objects/Input_Email'

2023-10-31 18:01:16 - [TEST_STEP][PASSED] - click(findTestObject("Login_Page/Login_Page_Objects/btn_Get Started")): Object: 'Object Repository/Login_Page/Login_Page_Objects/btn_Get Started' is clicked on

2023-10-31 18:01:17 - [MESSAGE][PASSED] - Object: 'Object Repository/Login_Page/Login_Page_Objects/btn_Get Started' is clicked on

2023-10-31 18:01:17 - [TEST_STEP][PASSED] - setText(findTestObject("Category_View_Page/Category_View_Page_Objects/Input_Edit_Educational_Info"), NewEducationInfo): Text ' With a background in environmental science, I dedicated decades to understanding and preserving the natural world.' is set on object 'Object Repository/Category_View_Page/Category_View_Page_Objects/Input_Edit_Educational_Info'

2023-10-31 18:01:19 - [MESSAGE][PASSED] - Text ' With a background in environmental science, I dedicated decades to understanding and preserving the natural world.' is set on object 'Object Repository/Category_View_Page/Category_View_Page_Objects/Input_Edit_Educational_Info'

2023-10-31 18:01:19 - [TEST_STEP][PASSED] - setText(findTestObject("Category_View_Page/Category_View_Page_Objects/Input_Edit_Appropriate_Hobbies"), NewHobbiesInfo): Text 'Beyond scientific pursuits, I find solace in the rhythm of pottery, shaping clay into intricate forms, and the therapeutic art of cooking.' is set on object 'Object Repository/Category_View_Page/Category_View_Page_Objects/Input_Edit_Appropriate_Hobbies'

2023-10-31 18:01:20 - [MESSAGE][PASSED] - Text 'Beyond scientific pursuits, I find solace in the rhythm of pottery, shaping clay into intricate forms, and the therapeutic art of cooking.' is set on object 'Object Repository/Category_View_Page/Category_View_Page_Objects/Input_Edit_Appropriate_Hobbies'

2023-10-31 18:01:20 - [TEST_STEP][PASSED] - setText(findTestObject("Category_View_Page/Category_View_Page_Objects/Input_Edit_expectation"), NewExpectationInfo): Text 'In a companion, I seek someone who shares my passion for environmental conservation and has an appreciation for the creative blend of artistry and sustainable living.' is set on object 'Object Repository/Category_View_Page/Category_View_Page_Objects/Input_Edit_expectation'

2023-10-31 18:01:20 - [MESSAGE][PASSED] - Text 'In a companion, I seek someone who shares my passion for environmental conservation and has an appreciation for the creative blend of artistry and sustainable living.' is set on object 'Object Repository/Category_View_Page/Category_View_Page_Objects/Input_Edit_expectation'

2023-10-31 18:01:20 - [TEST_STEP][PASSED] - setText(findTestObject("Category_View_Page/Category_View_Page_Objects/Input_Edit_Appropriate_Health"), NewHealthInfo): Text 'Health-wise, I've faced challenges with asthma, but with careful management and regular breathing exercises, I continue to pursue my passions with vigor.' is set on object 'Object Repository/Category_View_Page/Category_View_Page_Objects/Input_Edit_Appropriate_Health'

2023-10-31 18:01:21 - [MESSAGE][PASSED] - Text 'Health-wise, I've faced challenges with asthma, but with careful management and regular breathing exercises, I continue to pursue my passions with vigor.' is set on object 'Object Repository/Category_View_Page/Category_View_Page_Objects/Input_Edit_Appropriate_Health'

2023-10-31 18:01:21 - [TEST_STEP][PASSED] - scrollToElement(findTestObject("Object Repository/Category_View_Page/Category_View_Page_Objects/btn_Save_n_Continue"), 0): Scroll to object 'Object Repository/Category_View_Page/Category_View_Page_Objects/btn_Save_n_Continue' successfully

2023-10-31 18:01:21 - [MESSAGE][WARNING] - Timeout '0' is invalid. Using default page load timeout: '30'

2023-10-31 18:01:21 - [MESSAGE][PASSED] - Scroll to object 'Object Repository/Category_View_Page/Category_View_Page_Objects/btn_Save_n_Continue' successfully

2023-10-31 18:01:21 - [TEST_STEP][PASSED] - click(findTestObject("Object Repository/Category_View_Page/Category_View_Page_Objects/btn_Save_n_Continue")): Object: 'Object Repository/Category_View_Page/Category_View_Page_Objects/btn_Save_n_Continue' is clicked on

2023-10-31 18:01:22 - [MESSAGE][PASSED] - Object: 'Object Repository/Category_View_Page/Category_View_Page_Objects/btn_Save_n_Continue' is clicked on

2023-10-31 18:01:22 - [TEST_STEP][PASSED] - verifyElementPresent(findTestObject("Object Repository/Thankyou_Page/Thankyou_Page_Objects/txt_h1_Thank you"), 0): Object 'Object Repository/Thankyou_Page/Thankyou_Page_Objects/txt_h1_Thank you' is present

2023-10-31 18:01:22 - [MESSAGE][WARNING] - Timeout '0' is invalid. Using default page load timeout: '30'

2023-10-31 18:01:25 - [MESSAGE][PASSED] - Object 'Object Repository/Thankyou_Page/Thankyou_Page_Objects/txt_h1_Thank you' is present

2023-10-31 18:01:25 - [TEST_STEP][PASSED] - closeBrowser(): Browser is closed

2023-10-31 18:01:26 - [MESSAGE][PASSED] - Browser is closed]]></system-out>
         <system-err><![CDATA[]]></system-err>
      </testcase>
      <testcase name="Test Cases/Senior_ReCreate_Category_Type" time="15.45" classname="Test Cases/Senior_ReCreate_Category_Type" status="PASSED">
         <system-out><![CDATA[2023-10-31 18:01:26 - [TEST_CASE][PASSED] - Test Cases/Senior_ReCreate_Category_Type: Test Cases/Senior_ReCreate_Category_Type

2023-10-31 18:01:26 - [TEST_STEP][PASSED] - openBrowser("https://caring-connections-qa.azurewebsites.net/"): Browser is opened with url: 'https://caring-connections-qa.azurewebsites.net/'

2023-10-31 18:01:26 - [MESSAGE][INFO] - Starting 'Chrome' driver

2023-10-31 18:01:26 - [MESSAGE][INFO] - Action delay is set to 0 milliseconds

2023-10-31 18:01:30 - [MESSAGE][PASSED] - Browser is opened with url: 'https://caring-connections-qa.azurewebsites.net/'

2023-10-31 18:01:30 - [TEST_STEP][PASSED] - maximizeWindow(): Current window maximized

2023-10-31 18:01:30 - [MESSAGE][PASSED] - Current window maximized

2023-10-31 18:01:30 - [TEST_STEP][PASSED] - setText(findTestObject("Login_Page/Login_Page_Objects/Input_Username"), UserName): Text 'Shresth' is set on object 'Object Repository/Login_Page/Login_Page_Objects/Input_Username'

2023-10-31 18:01:31 - [MESSAGE][PASSED] - Text 'Shresth' is set on object 'Object Repository/Login_Page/Login_Page_Objects/Input_Username'

2023-10-31 18:01:31 - [TEST_STEP][PASSED] - selectOptionByValue(findTestObject("Login_Page/Login_Page_Objects/Select_Role"), Role, false): All options with value 'Senior' are selected in object 'Object Repository/Login_Page/Login_Page_Objects/Select_Role' 

2023-10-31 18:01:31 - [MESSAGE][PASSED] - All options with value 'Senior' are selected in object 'Object Repository/Login_Page/Login_Page_Objects/Select_Role' 

2023-10-31 18:01:31 - [TEST_STEP][PASSED] - setText(findTestObject("Login_Page/Login_Page_Objects/Input_Email"), Email): Text 'shresth66@gmail.com' is set on object 'Object Repository/Login_Page/Login_Page_Objects/Input_Email'

2023-10-31 18:01:32 - [MESSAGE][PASSED] - Text 'shresth66@gmail.com' is set on object 'Object Repository/Login_Page/Login_Page_Objects/Input_Email'

2023-10-31 18:01:32 - [TEST_STEP][PASSED] - click(findTestObject("Login_Page/Login_Page_Objects/btn_Get Started")): Object: 'Object Repository/Login_Page/Login_Page_Objects/btn_Get Started' is clicked on

2023-10-31 18:01:32 - [MESSAGE][PASSED] - Object: 'Object Repository/Login_Page/Login_Page_Objects/btn_Get Started' is clicked on

2023-10-31 18:01:32 - [TEST_STEP][PASSED] - setText(findTestObject("Category_View_Page/Category_View_Page_Objects/Input_Edit_Educational_Info"), NewEducationInfo): Text 'I'm Shresth, a seasoned explorer in the journey of life, joyfully celebrating my 58 years of existence. With a background in architecture, I dedicated decades to designing innovative structures that blend aesthetics and functionality. ' is set on object 'Object Repository/Category_View_Page/Category_View_Page_Objects/Input_Edit_Educational_Info'

2023-10-31 18:01:34 - [MESSAGE][PASSED] - Text 'I'm Shresth, a seasoned explorer in the journey of life, joyfully celebrating my 58 years of existence. With a background in architecture, I dedicated decades to designing innovative structures that blend aesthetics and functionality. ' is set on object 'Object Repository/Category_View_Page/Category_View_Page_Objects/Input_Edit_Educational_Info'

2023-10-31 18:01:34 - [TEST_STEP][PASSED] - setText(findTestObject("Category_View_Page/Category_View_Page_Objects/Input_Edit_Appropriate_Hobbies"), NewHobbiesInfo): Text 'I've found solace and inspiration in the world of painting, using vibrant colors to depict the beauty of the natural world.' is set on object 'Object Repository/Category_View_Page/Category_View_Page_Objects/Input_Edit_Appropriate_Hobbies'

2023-10-31 18:01:35 - [MESSAGE][PASSED] - Text 'I've found solace and inspiration in the world of painting, using vibrant colors to depict the beauty of the natural world.' is set on object 'Object Repository/Category_View_Page/Category_View_Page_Objects/Input_Edit_Appropriate_Hobbies'

2023-10-31 18:01:35 - [TEST_STEP][PASSED] - setText(findTestObject("Category_View_Page/Category_View_Page_Objects/Input_Edit_expectation"), NewExpectationInfo): Text 'I hope to find someone who shares my love for art and the peaceful company of music, someone with whom I can create and appreciate the beauty of both man-made and natural wonders.' is set on object 'Object Repository/Category_View_Page/Category_View_Page_Objects/Input_Edit_expectation'

2023-10-31 18:01:36 - [MESSAGE][PASSED] - Text 'I hope to find someone who shares my love for art and the peaceful company of music, someone with whom I can create and appreciate the beauty of both man-made and natural wonders.' is set on object 'Object Repository/Category_View_Page/Category_View_Page_Objects/Input_Edit_expectation'

2023-10-31 18:01:36 - [TEST_STEP][PASSED] - setText(findTestObject("Category_View_Page/Category_View_Page_Objects/Input_Edit_Appropriate_Health"), NewHealthInfo): Text 'Health-wise, I've gracefully managed arthritis, adopting a balanced diet and regular walks to keep my vitality intact.' is set on object 'Object Repository/Category_View_Page/Category_View_Page_Objects/Input_Edit_Appropriate_Health'

2023-10-31 18:01:36 - [MESSAGE][PASSED] - Text 'Health-wise, I've gracefully managed arthritis, adopting a balanced diet and regular walks to keep my vitality intact.' is set on object 'Object Repository/Category_View_Page/Category_View_Page_Objects/Input_Edit_Appropriate_Health'

2023-10-31 18:01:36 - [TEST_STEP][PASSED] - scrollToElement(findTestObject("Object Repository/Category_View_Page/Category_View_Page_Objects/btn_Save_n_Continue"), 0): Scroll to object 'Object Repository/Category_View_Page/Category_View_Page_Objects/btn_Save_n_Continue' successfully

2023-10-31 18:01:36 - [MESSAGE][WARNING] - Timeout '0' is invalid. Using default page load timeout: '30'

2023-10-31 18:01:37 - [MESSAGE][PASSED] - Scroll to object 'Object Repository/Category_View_Page/Category_View_Page_Objects/btn_Save_n_Continue' successfully

2023-10-31 18:01:37 - [TEST_STEP][PASSED] - click(findTestObject("Object Repository/Category_View_Page/Category_View_Page_Objects/btn_Save_n_Continue")): Object: 'Object Repository/Category_View_Page/Category_View_Page_Objects/btn_Save_n_Continue' is clicked on

2023-10-31 18:01:37 - [MESSAGE][PASSED] - Object: 'Object Repository/Category_View_Page/Category_View_Page_Objects/btn_Save_n_Continue' is clicked on

2023-10-31 18:01:37 - [TEST_STEP][PASSED] - verifyElementPresent(findTestObject("Object Repository/Thankyou_Page/Thankyou_Page_Objects/txt_h1_Thank you"), 0): Object 'Object Repository/Thankyou_Page/Thankyou_Page_Objects/txt_h1_Thank you' is present

2023-10-31 18:01:37 - [MESSAGE][WARNING] - Timeout '0' is invalid. Using default page load timeout: '30'

2023-10-31 18:01:41 - [MESSAGE][PASSED] - Object 'Object Repository/Thankyou_Page/Thankyou_Page_Objects/txt_h1_Thank you' is present

2023-10-31 18:01:41 - [TEST_STEP][PASSED] - closeBrowser(): Browser is closed

2023-10-31 18:01:41 - [MESSAGE][PASSED] - Browser is closed]]></system-out>
         <system-err><![CDATA[]]></system-err>
      </testcase>
      <testcase name="Test Cases/Senior_ReCreate_Category_Type" time="15.517" classname="Test Cases/Senior_ReCreate_Category_Type" status="PASSED">
         <system-out><![CDATA[2023-10-31 18:01:41 - [TEST_CASE][PASSED] - Test Cases/Senior_ReCreate_Category_Type: Test Cases/Senior_ReCreate_Category_Type

2023-10-31 18:01:41 - [TEST_STEP][PASSED] - openBrowser("https://caring-connections-qa.azurewebsites.net/"): Browser is opened with url: 'https://caring-connections-qa.azurewebsites.net/'

2023-10-31 18:01:41 - [MESSAGE][INFO] - Starting 'Chrome' driver

2023-10-31 18:01:41 - [MESSAGE][INFO] - Action delay is set to 0 milliseconds

2023-10-31 18:01:45 - [MESSAGE][PASSED] - Browser is opened with url: 'https://caring-connections-qa.azurewebsites.net/'

2023-10-31 18:01:45 - [TEST_STEP][PASSED] - maximizeWindow(): Current window maximized

2023-10-31 18:01:45 - [MESSAGE][PASSED] - Current window maximized

2023-10-31 18:01:45 - [TEST_STEP][PASSED] - setText(findTestObject("Login_Page/Login_Page_Objects/Input_Username"), UserName): Text 'Naveen' is set on object 'Object Repository/Login_Page/Login_Page_Objects/Input_Username'

2023-10-31 18:01:45 - [MESSAGE][PASSED] - Text 'Naveen' is set on object 'Object Repository/Login_Page/Login_Page_Objects/Input_Username'

2023-10-31 18:01:45 - [TEST_STEP][PASSED] - selectOptionByValue(findTestObject("Login_Page/Login_Page_Objects/Select_Role"), Role, false): All options with value 'Senior' are selected in object 'Object Repository/Login_Page/Login_Page_Objects/Select_Role' 

2023-10-31 18:01:46 - [MESSAGE][PASSED] - All options with value 'Senior' are selected in object 'Object Repository/Login_Page/Login_Page_Objects/Select_Role' 

2023-10-31 18:01:46 - [TEST_STEP][PASSED] - setText(findTestObject("Login_Page/Login_Page_Objects/Input_Email"), Email): Text 'naveen66@gmail.com' is set on object 'Object Repository/Login_Page/Login_Page_Objects/Input_Email'

2023-10-31 18:01:47 - [MESSAGE][PASSED] - Text 'naveen66@gmail.com' is set on object 'Object Repository/Login_Page/Login_Page_Objects/Input_Email'

2023-10-31 18:01:47 - [TEST_STEP][PASSED] - click(findTestObject("Login_Page/Login_Page_Objects/btn_Get Started")): Object: 'Object Repository/Login_Page/Login_Page_Objects/btn_Get Started' is clicked on

2023-10-31 18:01:47 - [MESSAGE][PASSED] - Object: 'Object Repository/Login_Page/Login_Page_Objects/btn_Get Started' is clicked on

2023-10-31 18:01:47 - [TEST_STEP][PASSED] - setText(findTestObject("Category_View_Page/Category_View_Page_Objects/Input_Edit_Educational_Info"), NewEducationInfo): Text ' I'm Naveen , a seasoned explorer in the journey of life, joyfully celebrating my 58 years of existence. With a background in literature, I dedicated decades to exploring the rich world of words and stories. ' is set on object 'Object Repository/Category_View_Page/Category_View_Page_Objects/Input_Edit_Educational_Info'

2023-10-31 18:01:50 - [MESSAGE][PASSED] - Text ' I'm Naveen , a seasoned explorer in the journey of life, joyfully celebrating my 58 years of existence. With a background in literature, I dedicated decades to exploring the rich world of words and stories. ' is set on object 'Object Repository/Category_View_Page/Category_View_Page_Objects/Input_Edit_Educational_Info'

2023-10-31 18:01:50 - [TEST_STEP][PASSED] - setText(findTestObject("Category_View_Page/Category_View_Page_Objects/Input_Edit_Appropriate_Hobbies"), NewHobbiesInfo): Text ' Beyond academic pursuits, I find solace in the world of painting, crafting vibrant canvases that express the beauty of the written word.' is set on object 'Object Repository/Category_View_Page/Category_View_Page_Objects/Input_Edit_Appropriate_Hobbies'

2023-10-31 18:01:51 - [MESSAGE][PASSED] - Text ' Beyond academic pursuits, I find solace in the world of painting, crafting vibrant canvases that express the beauty of the written word.' is set on object 'Object Repository/Category_View_Page/Category_View_Page_Objects/Input_Edit_Appropriate_Hobbies'

2023-10-31 18:01:51 - [TEST_STEP][PASSED] - setText(findTestObject("Category_View_Page/Category_View_Page_Objects/Input_Edit_expectation"), NewExpectationInfo): Text ' In a companion, I hope to find someone who shares my love for literature and the appreciation for the creative blend of art and storytelling.' is set on object 'Object Repository/Category_View_Page/Category_View_Page_Objects/Input_Edit_expectation'

2023-10-31 18:01:51 - [MESSAGE][PASSED] - Text ' In a companion, I hope to find someone who shares my love for literature and the appreciation for the creative blend of art and storytelling.' is set on object 'Object Repository/Category_View_Page/Category_View_Page_Objects/Input_Edit_expectation'

2023-10-31 18:01:51 - [TEST_STEP][PASSED] - setText(findTestObject("Category_View_Page/Category_View_Page_Objects/Input_Edit_Appropriate_Health"), NewHealthInfo): Text 'Health-wise, I've faced challenges with allergies, but with careful management and a balanced lifestyle, I continue to pursue my passions with vigor. Life has been a captivating adventure through the pages of books and art, ' is set on object 'Object Repository/Category_View_Page/Category_View_Page_Objects/Input_Edit_Appropriate_Health'

2023-10-31 18:01:52 - [MESSAGE][PASSED] - Text 'Health-wise, I've faced challenges with allergies, but with careful management and a balanced lifestyle, I continue to pursue my passions with vigor. Life has been a captivating adventure through the pages of books and art, ' is set on object 'Object Repository/Category_View_Page/Category_View_Page_Objects/Input_Edit_Appropriate_Health'

2023-10-31 18:01:52 - [TEST_STEP][PASSED] - scrollToElement(findTestObject("Object Repository/Category_View_Page/Category_View_Page_Objects/btn_Save_n_Continue"), 0): Scroll to object 'Object Repository/Category_View_Page/Category_View_Page_Objects/btn_Save_n_Continue' successfully

2023-10-31 18:01:52 - [MESSAGE][WARNING] - Timeout '0' is invalid. Using default page load timeout: '30'

2023-10-31 18:01:53 - [MESSAGE][PASSED] - Scroll to object 'Object Repository/Category_View_Page/Category_View_Page_Objects/btn_Save_n_Continue' successfully

2023-10-31 18:01:53 - [TEST_STEP][PASSED] - click(findTestObject("Object Repository/Category_View_Page/Category_View_Page_Objects/btn_Save_n_Continue")): Object: 'Object Repository/Category_View_Page/Category_View_Page_Objects/btn_Save_n_Continue' is clicked on

2023-10-31 18:01:53 - [MESSAGE][PASSED] - Object: 'Object Repository/Category_View_Page/Category_View_Page_Objects/btn_Save_n_Continue' is clicked on

2023-10-31 18:01:53 - [TEST_STEP][PASSED] - verifyElementPresent(findTestObject("Object Repository/Thankyou_Page/Thankyou_Page_Objects/txt_h1_Thank you"), 0): Object 'Object Repository/Thankyou_Page/Thankyou_Page_Objects/txt_h1_Thank you' is present

2023-10-31 18:01:53 - [MESSAGE][WARNING] - Timeout '0' is invalid. Using default page load timeout: '30'

2023-10-31 18:01:56 - [MESSAGE][PASSED] - Object 'Object Repository/Thankyou_Page/Thankyou_Page_Objects/txt_h1_Thank you' is present

2023-10-31 18:01:56 - [TEST_STEP][PASSED] - closeBrowser(): Browser is closed

2023-10-31 18:01:57 - [MESSAGE][PASSED] - Browser is closed]]></system-out>
         <system-err><![CDATA[]]></system-err>
      </testcase>
      <testcase name="Test Cases/Senior_ReCreate_Category_Type" time="14.916" classname="Test Cases/Senior_ReCreate_Category_Type" status="PASSED">
         <system-out><![CDATA[2023-10-31 18:01:57 - [TEST_CASE][PASSED] - Test Cases/Senior_ReCreate_Category_Type: Test Cases/Senior_ReCreate_Category_Type

2023-10-31 18:01:57 - [TEST_STEP][PASSED] - openBrowser("https://caring-connections-qa.azurewebsites.net/"): Browser is opened with url: 'https://caring-connections-qa.azurewebsites.net/'

2023-10-31 18:01:57 - [MESSAGE][INFO] - Starting 'Chrome' driver

2023-10-31 18:01:57 - [MESSAGE][INFO] - Action delay is set to 0 milliseconds

2023-10-31 18:02:00 - [MESSAGE][PASSED] - Browser is opened with url: 'https://caring-connections-qa.azurewebsites.net/'

2023-10-31 18:02:00 - [TEST_STEP][PASSED] - maximizeWindow(): Current window maximized

2023-10-31 18:02:00 - [MESSAGE][PASSED] - Current window maximized

2023-10-31 18:02:00 - [TEST_STEP][PASSED] - setText(findTestObject("Login_Page/Login_Page_Objects/Input_Username"), UserName): Text 'Kanchan' is set on object 'Object Repository/Login_Page/Login_Page_Objects/Input_Username'

2023-10-31 18:02:01 - [MESSAGE][PASSED] - Text 'Kanchan' is set on object 'Object Repository/Login_Page/Login_Page_Objects/Input_Username'

2023-10-31 18:02:01 - [TEST_STEP][PASSED] - selectOptionByValue(findTestObject("Login_Page/Login_Page_Objects/Select_Role"), Role, false): All options with value 'Senior' are selected in object 'Object Repository/Login_Page/Login_Page_Objects/Select_Role' 

2023-10-31 18:02:02 - [MESSAGE][PASSED] - All options with value 'Senior' are selected in object 'Object Repository/Login_Page/Login_Page_Objects/Select_Role' 

2023-10-31 18:02:02 - [TEST_STEP][PASSED] - setText(findTestObject("Login_Page/Login_Page_Objects/Input_Email"), Email): Text 'kanchan66@gmail.com' is set on object 'Object Repository/Login_Page/Login_Page_Objects/Input_Email'

2023-10-31 18:02:02 - [MESSAGE][PASSED] - Text 'kanchan66@gmail.com' is set on object 'Object Repository/Login_Page/Login_Page_Objects/Input_Email'

2023-10-31 18:02:02 - [TEST_STEP][PASSED] - click(findTestObject("Login_Page/Login_Page_Objects/btn_Get Started")): Object: 'Object Repository/Login_Page/Login_Page_Objects/btn_Get Started' is clicked on

2023-10-31 18:02:03 - [MESSAGE][PASSED] - Object: 'Object Repository/Login_Page/Login_Page_Objects/btn_Get Started' is clicked on

2023-10-31 18:02:03 - [TEST_STEP][PASSED] - setText(findTestObject("Category_View_Page/Category_View_Page_Objects/Input_Edit_Educational_Info"), NewEducationInfo): Text ' I'm Kanchan , a seasoned explorer in the journey of life, joyfully celebrating my 55 years of existence. With a background in classic literature, I dedicated decades to exploring the rich world of words and stories. ' is set on object 'Object Repository/Category_View_Page/Category_View_Page_Objects/Input_Edit_Educational_Info'

2023-10-31 18:02:05 - [MESSAGE][PASSED] - Text ' I'm Kanchan , a seasoned explorer in the journey of life, joyfully celebrating my 55 years of existence. With a background in classic literature, I dedicated decades to exploring the rich world of words and stories. ' is set on object 'Object Repository/Category_View_Page/Category_View_Page_Objects/Input_Edit_Educational_Info'

2023-10-31 18:02:05 - [TEST_STEP][PASSED] - setText(findTestObject("Category_View_Page/Category_View_Page_Objects/Input_Edit_Appropriate_Hobbies"), NewHobbiesInfo): Text ' Beyond academic pursuits, I find solace in the world of painting, crafting vibrant canvases that express the beauty of the written word.' is set on object 'Object Repository/Category_View_Page/Category_View_Page_Objects/Input_Edit_Appropriate_Hobbies'

2023-10-31 18:02:06 - [MESSAGE][PASSED] - Text ' Beyond academic pursuits, I find solace in the world of painting, crafting vibrant canvases that express the beauty of the written word.' is set on object 'Object Repository/Category_View_Page/Category_View_Page_Objects/Input_Edit_Appropriate_Hobbies'

2023-10-31 18:02:06 - [TEST_STEP][PASSED] - setText(findTestObject("Category_View_Page/Category_View_Page_Objects/Input_Edit_expectation"), NewExpectationInfo): Text ' In a companion, I hope to find someone who shares my love for literature and the appreciation for the creative blend of art and storytelling.' is set on object 'Object Repository/Category_View_Page/Category_View_Page_Objects/Input_Edit_expectation'

2023-10-31 18:02:06 - [MESSAGE][PASSED] - Text ' In a companion, I hope to find someone who shares my love for literature and the appreciation for the creative blend of art and storytelling.' is set on object 'Object Repository/Category_View_Page/Category_View_Page_Objects/Input_Edit_expectation'

2023-10-31 18:02:06 - [TEST_STEP][PASSED] - setText(findTestObject("Category_View_Page/Category_View_Page_Objects/Input_Edit_Appropriate_Health"), NewHealthInfo): Text 'Health-wise, I've faced challenges with diabeties, but with careful management and a balanced lifestyle, I continue to pursue my passions with vigor. Life has been a captivating adventure through the pages of books and art, ' is set on object 'Object Repository/Category_View_Page/Category_View_Page_Objects/Input_Edit_Appropriate_Health'

2023-10-31 18:02:07 - [MESSAGE][PASSED] - Text 'Health-wise, I've faced challenges with diabeties, but with careful management and a balanced lifestyle, I continue to pursue my passions with vigor. Life has been a captivating adventure through the pages of books and art, ' is set on object 'Object Repository/Category_View_Page/Category_View_Page_Objects/Input_Edit_Appropriate_Health'

2023-10-31 18:02:07 - [TEST_STEP][PASSED] - scrollToElement(findTestObject("Object Repository/Category_View_Page/Category_View_Page_Objects/btn_Save_n_Continue"), 0): Scroll to object 'Object Repository/Category_View_Page/Category_View_Page_Objects/btn_Save_n_Continue' successfully

2023-10-31 18:02:07 - [MESSAGE][WARNING] - Timeout '0' is invalid. Using default page load timeout: '30'

2023-10-31 18:02:08 - [MESSAGE][PASSED] - Scroll to object 'Object Repository/Category_View_Page/Category_View_Page_Objects/btn_Save_n_Continue' successfully

2023-10-31 18:02:08 - [TEST_STEP][PASSED] - click(findTestObject("Object Repository/Category_View_Page/Category_View_Page_Objects/btn_Save_n_Continue")): Object: 'Object Repository/Category_View_Page/Category_View_Page_Objects/btn_Save_n_Continue' is clicked on

2023-10-31 18:02:08 - [MESSAGE][PASSED] - Object: 'Object Repository/Category_View_Page/Category_View_Page_Objects/btn_Save_n_Continue' is clicked on

2023-10-31 18:02:08 - [TEST_STEP][PASSED] - verifyElementPresent(findTestObject("Object Repository/Thankyou_Page/Thankyou_Page_Objects/txt_h1_Thank you"), 0): Object 'Object Repository/Thankyou_Page/Thankyou_Page_Objects/txt_h1_Thank you' is present

2023-10-31 18:02:08 - [MESSAGE][WARNING] - Timeout '0' is invalid. Using default page load timeout: '30'

2023-10-31 18:02:11 - [MESSAGE][PASSED] - Object 'Object Repository/Thankyou_Page/Thankyou_Page_Objects/txt_h1_Thank you' is present

2023-10-31 18:02:11 - [TEST_STEP][PASSED] - closeBrowser(): Browser is closed

2023-10-31 18:02:12 - [MESSAGE][PASSED] - Browser is closed]]></system-out>
         <system-err><![CDATA[]]></system-err>
      </testcase>
      <testcase name="Test Cases/Senior_ReCreate_Category_Type" time="19.844" classname="Test Cases/Senior_ReCreate_Category_Type" status="PASSED">
         <system-out><![CDATA[2023-10-31 18:02:12 - [TEST_CASE][PASSED] - Test Cases/Senior_ReCreate_Category_Type: Test Cases/Senior_ReCreate_Category_Type

2023-10-31 18:02:12 - [TEST_STEP][PASSED] - openBrowser("https://caring-connections-qa.azurewebsites.net/"): Browser is opened with url: 'https://caring-connections-qa.azurewebsites.net/'

2023-10-31 18:02:12 - [MESSAGE][INFO] - Starting 'Chrome' driver

2023-10-31 18:02:12 - [MESSAGE][INFO] - Action delay is set to 0 milliseconds

2023-10-31 18:02:15 - [MESSAGE][PASSED] - Browser is opened with url: 'https://caring-connections-qa.azurewebsites.net/'

2023-10-31 18:02:15 - [TEST_STEP][PASSED] - maximizeWindow(): Current window maximized

2023-10-31 18:02:15 - [MESSAGE][PASSED] - Current window maximized

2023-10-31 18:02:15 - [TEST_STEP][PASSED] - setText(findTestObject("Login_Page/Login_Page_Objects/Input_Username"), UserName): Text 'Harsh' is set on object 'Object Repository/Login_Page/Login_Page_Objects/Input_Username'

2023-10-31 18:02:16 - [MESSAGE][PASSED] - Text 'Harsh' is set on object 'Object Repository/Login_Page/Login_Page_Objects/Input_Username'

2023-10-31 18:02:16 - [TEST_STEP][PASSED] - selectOptionByValue(findTestObject("Login_Page/Login_Page_Objects/Select_Role"), Role, false): All options with value 'Senior' are selected in object 'Object Repository/Login_Page/Login_Page_Objects/Select_Role' 

2023-10-31 18:02:17 - [MESSAGE][PASSED] - All options with value 'Senior' are selected in object 'Object Repository/Login_Page/Login_Page_Objects/Select_Role' 

2023-10-31 18:02:17 - [TEST_STEP][PASSED] - setText(findTestObject("Login_Page/Login_Page_Objects/Input_Email"), Email): Text 'harsh66@gmail.com' is set on object 'Object Repository/Login_Page/Login_Page_Objects/Input_Email'

2023-10-31 18:02:17 - [MESSAGE][PASSED] - Text 'harsh66@gmail.com' is set on object 'Object Repository/Login_Page/Login_Page_Objects/Input_Email'

2023-10-31 18:02:17 - [TEST_STEP][PASSED] - click(findTestObject("Login_Page/Login_Page_Objects/btn_Get Started")): Object: 'Object Repository/Login_Page/Login_Page_Objects/btn_Get Started' is clicked on

2023-10-31 18:02:18 - [MESSAGE][PASSED] - Object: 'Object Repository/Login_Page/Login_Page_Objects/btn_Get Started' is clicked on

2023-10-31 18:02:18 - [TEST_STEP][PASSED] - setText(findTestObject("Category_View_Page/Category_View_Page_Objects/Input_Edit_Educational_Info"), NewEducationInfo): Text ' I'm Harsh, a seasoned explorer in the journey of life, joyfully celebrating my 57 years of existence. With a background in astrophysics, I dedicated decades to exploring the mysteries of the universe.' is set on object 'Object Repository/Category_View_Page/Category_View_Page_Objects/Input_Edit_Educational_Info'

2023-10-31 18:02:20 - [MESSAGE][PASSED] - Text ' I'm Harsh, a seasoned explorer in the journey of life, joyfully celebrating my 57 years of existence. With a background in astrophysics, I dedicated decades to exploring the mysteries of the universe.' is set on object 'Object Repository/Category_View_Page/Category_View_Page_Objects/Input_Edit_Educational_Info'

2023-10-31 18:02:20 - [TEST_STEP][PASSED] - setText(findTestObject("Category_View_Page/Category_View_Page_Objects/Input_Edit_Appropriate_Hobbies"), NewHobbiesInfo): Text 'Beyond scientific pursuits, I find solace in the world of music, playing the piano and composing melodies that resonate with the cosmos.' is set on object 'Object Repository/Category_View_Page/Category_View_Page_Objects/Input_Edit_Appropriate_Hobbies'

2023-10-31 18:02:21 - [MESSAGE][PASSED] - Text 'Beyond scientific pursuits, I find solace in the world of music, playing the piano and composing melodies that resonate with the cosmos.' is set on object 'Object Repository/Category_View_Page/Category_View_Page_Objects/Input_Edit_Appropriate_Hobbies'

2023-10-31 18:02:21 - [TEST_STEP][PASSED] - setText(findTestObject("Category_View_Page/Category_View_Page_Objects/Input_Edit_expectation"), NewExpectationInfo): Text ' In a companion, I seek someone who shares my passion for environmental conservation and has an appreciation for the creative blend of artistry and sustainable living. ' is set on object 'Object Repository/Category_View_Page/Category_View_Page_Objects/Input_Edit_expectation'

2023-10-31 18:02:21 - [MESSAGE][PASSED] - Text ' In a companion, I seek someone who shares my passion for environmental conservation and has an appreciation for the creative blend of artistry and sustainable living. ' is set on object 'Object Repository/Category_View_Page/Category_View_Page_Objects/Input_Edit_expectation'

2023-10-31 18:02:21 - [TEST_STEP][PASSED] - setText(findTestObject("Category_View_Page/Category_View_Page_Objects/Input_Edit_Appropriate_Health"), NewHealthInfo): Text 'Health-wise, I've faced challenges with asthma, but with careful management and regular breathing exercises, I continue to pursue my passions with vigor.' is set on object 'Object Repository/Category_View_Page/Category_View_Page_Objects/Input_Edit_Appropriate_Health'

2023-10-31 18:02:22 - [MESSAGE][PASSED] - Text 'Health-wise, I've faced challenges with asthma, but with careful management and regular breathing exercises, I continue to pursue my passions with vigor.' is set on object 'Object Repository/Category_View_Page/Category_View_Page_Objects/Input_Edit_Appropriate_Health'

2023-10-31 18:02:22 - [TEST_STEP][PASSED] - scrollToElement(findTestObject("Object Repository/Category_View_Page/Category_View_Page_Objects/btn_Save_n_Continue"), 0): Scroll to object 'Object Repository/Category_View_Page/Category_View_Page_Objects/btn_Save_n_Continue' successfully

2023-10-31 18:02:22 - [MESSAGE][WARNING] - Timeout '0' is invalid. Using default page load timeout: '30'

2023-10-31 18:02:22 - [MESSAGE][PASSED] - Scroll to object 'Object Repository/Category_View_Page/Category_View_Page_Objects/btn_Save_n_Continue' successfully

2023-10-31 18:02:22 - [TEST_STEP][PASSED] - click(findTestObject("Object Repository/Category_View_Page/Category_View_Page_Objects/btn_Save_n_Continue")): Object: 'Object Repository/Category_View_Page/Category_View_Page_Objects/btn_Save_n_Continue' is clicked on

2023-10-31 18:02:23 - [MESSAGE][PASSED] - Object: 'Object Repository/Category_View_Page/Category_View_Page_Objects/btn_Save_n_Continue' is clicked on

2023-10-31 18:02:23 - [TEST_STEP][PASSED] - verifyElementPresent(findTestObject("Object Repository/Thankyou_Page/Thankyou_Page_Objects/txt_h1_Thank you"), 0): Object 'Object Repository/Thankyou_Page/Thankyou_Page_Objects/txt_h1_Thank you' is present

2023-10-31 18:02:23 - [MESSAGE][WARNING] - Timeout '0' is invalid. Using default page load timeout: '30'

2023-10-31 18:02:31 - [MESSAGE][PASSED] - Object 'Object Repository/Thankyou_Page/Thankyou_Page_Objects/txt_h1_Thank you' is present

2023-10-31 18:02:31 - [TEST_STEP][PASSED] - closeBrowser(): Browser is closed

2023-10-31 18:02:32 - [MESSAGE][PASSED] - Browser is closed]]></system-out>
         <system-err><![CDATA[]]></system-err>
      </testcase>
      <system-out><![CDATA[2023-10-31 18:01:09 - [TEST_SUITE][PASSED] - Senior_ReCreate_Category_Type: Test Cases/Senior_ReCreate_Category_Type]]></system-out>
      <system-err><![CDATA[]]></system-err>
   </testsuite>
</testsuites>
